ARM GAS  /var/folders/rf/wfq6hz5s56g3yh4wqgd7820c0000gn/T//ccyaXbk6.s 			page 1


   1              		.cpu cortex-m0
   2              		.eabi_attribute 20, 1
   3              		.eabi_attribute 21, 1
   4              		.eabi_attribute 23, 3
   5              		.eabi_attribute 24, 1
   6              		.eabi_attribute 25, 1
   7              		.eabi_attribute 26, 1
   8              		.eabi_attribute 30, 1
   9              		.eabi_attribute 34, 0
  10              		.eabi_attribute 18, 4
  11              		.file	"stm32f0xx_it.c"
  12              		.text
  13              	.Ltext0:
  14              		.cfi_sections	.debug_frame
  15              		.section	.text.NMI_Handler,"ax",%progbits
  16              		.align	1
  17              		.global	NMI_Handler
  18              		.arch armv6s-m
  19              		.syntax unified
  20              		.code	16
  21              		.thumb_func
  22              		.fpu softvfp
  24              	NMI_Handler:
  25              	.LFB37:
  26              		.file 1 "Src/stm32f0xx_it.c"
   1:Src/stm32f0xx_it.c **** /**
   2:Src/stm32f0xx_it.c ****   ******************************************************************************
   3:Src/stm32f0xx_it.c ****   * @file    stm32f0xx_it.c
   4:Src/stm32f0xx_it.c ****   * @brief   Interrupt Service Routines.
   5:Src/stm32f0xx_it.c ****   ******************************************************************************
   6:Src/stm32f0xx_it.c ****   *
   7:Src/stm32f0xx_it.c ****   * COPYRIGHT(c) 2020 STMicroelectronics
   8:Src/stm32f0xx_it.c ****   *
   9:Src/stm32f0xx_it.c ****   * Redistribution and use in source and binary forms, with or without modification,
  10:Src/stm32f0xx_it.c ****   * are permitted provided that the following conditions are met:
  11:Src/stm32f0xx_it.c ****   *   1. Redistributions of source code must retain the above copyright notice,
  12:Src/stm32f0xx_it.c ****   *      this list of conditions and the following disclaimer.
  13:Src/stm32f0xx_it.c ****   *   2. Redistributions in binary form must reproduce the above copyright notice,
  14:Src/stm32f0xx_it.c ****   *      this list of conditions and the following disclaimer in the documentation
  15:Src/stm32f0xx_it.c ****   *      and/or other materials provided with the distribution.
  16:Src/stm32f0xx_it.c ****   *   3. Neither the name of STMicroelectronics nor the names of its contributors
  17:Src/stm32f0xx_it.c ****   *      may be used to endorse or promote products derived from this software
  18:Src/stm32f0xx_it.c ****   *      without specific prior written permission.
  19:Src/stm32f0xx_it.c ****   *
  20:Src/stm32f0xx_it.c ****   * THIS SOFTWARE IS PROVIDED BY THE COPYRIGHT HOLDERS AND CONTRIBUTORS "AS IS"
  21:Src/stm32f0xx_it.c ****   * AND ANY EXPRESS OR IMPLIED WARRANTIES, INCLUDING, BUT NOT LIMITED TO, THE
  22:Src/stm32f0xx_it.c ****   * IMPLIED WARRANTIES OF MERCHANTABILITY AND FITNESS FOR A PARTICULAR PURPOSE ARE
  23:Src/stm32f0xx_it.c ****   * DISCLAIMED. IN NO EVENT SHALL THE COPYRIGHT HOLDER OR CONTRIBUTORS BE LIABLE
  24:Src/stm32f0xx_it.c ****   * FOR ANY DIRECT, INDIRECT, INCIDENTAL, SPECIAL, EXEMPLARY, OR CONSEQUENTIAL
  25:Src/stm32f0xx_it.c ****   * DAMAGES (INCLUDING, BUT NOT LIMITED TO, PROCUREMENT OF SUBSTITUTE GOODS OR
  26:Src/stm32f0xx_it.c ****   * SERVICES; LOSS OF USE, DATA, OR PROFITS; OR BUSINESS INTERRUPTION) HOWEVER
  27:Src/stm32f0xx_it.c ****   * CAUSED AND ON ANY THEORY OF LIABILITY, WHETHER IN CONTRACT, STRICT LIABILITY,
  28:Src/stm32f0xx_it.c ****   * OR TORT (INCLUDING NEGLIGENCE OR OTHERWISE) ARISING IN ANY WAY OUT OF THE USE
  29:Src/stm32f0xx_it.c ****   * OF THIS SOFTWARE, EVEN IF ADVISED OF THE POSSIBILITY OF SUCH DAMAGE.
  30:Src/stm32f0xx_it.c ****   *
  31:Src/stm32f0xx_it.c ****   ******************************************************************************
  32:Src/stm32f0xx_it.c ****   */
ARM GAS  /var/folders/rf/wfq6hz5s56g3yh4wqgd7820c0000gn/T//ccyaXbk6.s 			page 2


  33:Src/stm32f0xx_it.c **** /* Includes ------------------------------------------------------------------*/
  34:Src/stm32f0xx_it.c **** #include "stm32f0xx_hal.h"
  35:Src/stm32f0xx_it.c **** #include "stm32f0xx.h"
  36:Src/stm32f0xx_it.c **** #include "stm32f0xx_it.h"
  37:Src/stm32f0xx_it.c **** 
  38:Src/stm32f0xx_it.c **** /* USER CODE BEGIN 0 */
  39:Src/stm32f0xx_it.c **** 
  40:Src/stm32f0xx_it.c **** /* USER CODE END 0 */
  41:Src/stm32f0xx_it.c **** 
  42:Src/stm32f0xx_it.c **** /* External variables --------------------------------------------------------*/
  43:Src/stm32f0xx_it.c **** extern PCD_HandleTypeDef hpcd_USB_FS;
  44:Src/stm32f0xx_it.c **** 
  45:Src/stm32f0xx_it.c **** /******************************************************************************/
  46:Src/stm32f0xx_it.c **** /*            Cortex-M0 Processor Interruption and Exception Handlers         */ 
  47:Src/stm32f0xx_it.c **** /******************************************************************************/
  48:Src/stm32f0xx_it.c **** 
  49:Src/stm32f0xx_it.c **** /**
  50:Src/stm32f0xx_it.c **** * @brief This function handles Non maskable interrupt.
  51:Src/stm32f0xx_it.c **** */
  52:Src/stm32f0xx_it.c **** void NMI_Handler(void)
  53:Src/stm32f0xx_it.c **** {
  27              		.loc 1 53 1 view -0
  28              		.cfi_startproc
  29              		@ args = 0, pretend = 0, frame = 0
  30              		@ frame_needed = 0, uses_anonymous_args = 0
  31              		@ link register save eliminated.
  54:Src/stm32f0xx_it.c ****   /* USER CODE BEGIN NonMaskableInt_IRQn 0 */
  55:Src/stm32f0xx_it.c **** 
  56:Src/stm32f0xx_it.c ****   /* USER CODE END NonMaskableInt_IRQn 0 */
  57:Src/stm32f0xx_it.c ****   /* USER CODE BEGIN NonMaskableInt_IRQn 1 */
  58:Src/stm32f0xx_it.c **** 
  59:Src/stm32f0xx_it.c ****   /* USER CODE END NonMaskableInt_IRQn 1 */
  60:Src/stm32f0xx_it.c **** }
  32              		.loc 1 60 1 view .LVU1
  33              		@ sp needed
  34 0000 7047     		bx	lr
  35              		.cfi_endproc
  36              	.LFE37:
  38              		.section	.text.HardFault_Handler,"ax",%progbits
  39              		.align	1
  40              		.global	HardFault_Handler
  41              		.syntax unified
  42              		.code	16
  43              		.thumb_func
  44              		.fpu softvfp
  46              	HardFault_Handler:
  47              	.LFB38:
  61:Src/stm32f0xx_it.c **** 
  62:Src/stm32f0xx_it.c **** /**
  63:Src/stm32f0xx_it.c **** * @brief This function handles Hard fault interrupt.
  64:Src/stm32f0xx_it.c **** */
  65:Src/stm32f0xx_it.c **** void HardFault_Handler(void)
  66:Src/stm32f0xx_it.c **** {
  48              		.loc 1 66 1 view -0
  49              		.cfi_startproc
  50              		@ Volatile: function does not return.
  51              		@ args = 0, pretend = 0, frame = 0
ARM GAS  /var/folders/rf/wfq6hz5s56g3yh4wqgd7820c0000gn/T//ccyaXbk6.s 			page 3


  52              		@ frame_needed = 0, uses_anonymous_args = 0
  53              		@ link register save eliminated.
  54              	.L3:
  67:Src/stm32f0xx_it.c ****   /* USER CODE BEGIN HardFault_IRQn 0 */
  68:Src/stm32f0xx_it.c **** 
  69:Src/stm32f0xx_it.c ****   /* USER CODE END HardFault_IRQn 0 */
  70:Src/stm32f0xx_it.c ****   while (1)
  55              		.loc 1 70 3 discriminator 1 view .LVU3
  71:Src/stm32f0xx_it.c ****   {
  72:Src/stm32f0xx_it.c ****     /* USER CODE BEGIN W1_HardFault_IRQn 0 */
  73:Src/stm32f0xx_it.c ****     /* USER CODE END W1_HardFault_IRQn 0 */
  74:Src/stm32f0xx_it.c ****   }
  56              		.loc 1 74 3 discriminator 1 view .LVU4
  70:Src/stm32f0xx_it.c ****   {
  57              		.loc 1 70 9 discriminator 1 view .LVU5
  58 0000 FEE7     		b	.L3
  59              		.cfi_endproc
  60              	.LFE38:
  62              		.section	.text.SVC_Handler,"ax",%progbits
  63              		.align	1
  64              		.global	SVC_Handler
  65              		.syntax unified
  66              		.code	16
  67              		.thumb_func
  68              		.fpu softvfp
  70              	SVC_Handler:
  71              	.LFB39:
  75:Src/stm32f0xx_it.c ****   /* USER CODE BEGIN HardFault_IRQn 1 */
  76:Src/stm32f0xx_it.c **** 
  77:Src/stm32f0xx_it.c ****   /* USER CODE END HardFault_IRQn 1 */
  78:Src/stm32f0xx_it.c **** }
  79:Src/stm32f0xx_it.c **** 
  80:Src/stm32f0xx_it.c **** /**
  81:Src/stm32f0xx_it.c **** * @brief This function handles System service call via SWI instruction.
  82:Src/stm32f0xx_it.c **** */
  83:Src/stm32f0xx_it.c **** void SVC_Handler(void)
  84:Src/stm32f0xx_it.c **** {
  72              		.loc 1 84 1 view -0
  73              		.cfi_startproc
  74              		@ args = 0, pretend = 0, frame = 0
  75              		@ frame_needed = 0, uses_anonymous_args = 0
  76              		@ link register save eliminated.
  85:Src/stm32f0xx_it.c ****   /* USER CODE BEGIN SVC_IRQn 0 */
  86:Src/stm32f0xx_it.c **** 
  87:Src/stm32f0xx_it.c ****   /* USER CODE END SVC_IRQn 0 */
  88:Src/stm32f0xx_it.c ****   /* USER CODE BEGIN SVC_IRQn 1 */
  89:Src/stm32f0xx_it.c **** 
  90:Src/stm32f0xx_it.c ****   /* USER CODE END SVC_IRQn 1 */
  91:Src/stm32f0xx_it.c **** }
  77              		.loc 1 91 1 view .LVU7
  78              		@ sp needed
  79 0000 7047     		bx	lr
  80              		.cfi_endproc
  81              	.LFE39:
  83              		.section	.text.PendSV_Handler,"ax",%progbits
  84              		.align	1
  85              		.global	PendSV_Handler
ARM GAS  /var/folders/rf/wfq6hz5s56g3yh4wqgd7820c0000gn/T//ccyaXbk6.s 			page 4


  86              		.syntax unified
  87              		.code	16
  88              		.thumb_func
  89              		.fpu softvfp
  91              	PendSV_Handler:
  92              	.LFB40:
  92:Src/stm32f0xx_it.c **** 
  93:Src/stm32f0xx_it.c **** /**
  94:Src/stm32f0xx_it.c **** * @brief This function handles Pendable request for system service.
  95:Src/stm32f0xx_it.c **** */
  96:Src/stm32f0xx_it.c **** void PendSV_Handler(void)
  97:Src/stm32f0xx_it.c **** {
  93              		.loc 1 97 1 view -0
  94              		.cfi_startproc
  95              		@ args = 0, pretend = 0, frame = 0
  96              		@ frame_needed = 0, uses_anonymous_args = 0
  97              		@ link register save eliminated.
  98:Src/stm32f0xx_it.c ****   /* USER CODE BEGIN PendSV_IRQn 0 */
  99:Src/stm32f0xx_it.c **** 
 100:Src/stm32f0xx_it.c ****   /* USER CODE END PendSV_IRQn 0 */
 101:Src/stm32f0xx_it.c ****   /* USER CODE BEGIN PendSV_IRQn 1 */
 102:Src/stm32f0xx_it.c **** 
 103:Src/stm32f0xx_it.c ****   /* USER CODE END PendSV_IRQn 1 */
 104:Src/stm32f0xx_it.c **** }
  98              		.loc 1 104 1 view .LVU9
  99              		@ sp needed
 100 0000 7047     		bx	lr
 101              		.cfi_endproc
 102              	.LFE40:
 104              		.section	.text.SysTick_Handler,"ax",%progbits
 105              		.align	1
 106              		.global	SysTick_Handler
 107              		.syntax unified
 108              		.code	16
 109              		.thumb_func
 110              		.fpu softvfp
 112              	SysTick_Handler:
 113              	.LFB41:
 105:Src/stm32f0xx_it.c **** 
 106:Src/stm32f0xx_it.c **** /**
 107:Src/stm32f0xx_it.c **** * @brief This function handles System tick timer.
 108:Src/stm32f0xx_it.c **** */
 109:Src/stm32f0xx_it.c **** void SysTick_Handler(void)
 110:Src/stm32f0xx_it.c **** {
 114              		.loc 1 110 1 view -0
 115              		.cfi_startproc
 116              		@ args = 0, pretend = 0, frame = 0
 117              		@ frame_needed = 0, uses_anonymous_args = 0
 118 0000 10B5     		push	{r4, lr}
 119              	.LCFI0:
 120              		.cfi_def_cfa_offset 8
 121              		.cfi_offset 4, -8
 122              		.cfi_offset 14, -4
 111:Src/stm32f0xx_it.c ****   /* USER CODE BEGIN SysTick_IRQn 0 */
 112:Src/stm32f0xx_it.c **** 
 113:Src/stm32f0xx_it.c ****   /* USER CODE END SysTick_IRQn 0 */
 114:Src/stm32f0xx_it.c ****   HAL_IncTick();
ARM GAS  /var/folders/rf/wfq6hz5s56g3yh4wqgd7820c0000gn/T//ccyaXbk6.s 			page 5


 123              		.loc 1 114 3 view .LVU11
 124 0002 FFF7FEFF 		bl	HAL_IncTick
 125              	.LVL0:
 115:Src/stm32f0xx_it.c ****   HAL_SYSTICK_IRQHandler();
 126              		.loc 1 115 3 view .LVU12
 127 0006 FFF7FEFF 		bl	HAL_SYSTICK_IRQHandler
 128              	.LVL1:
 116:Src/stm32f0xx_it.c ****   /* USER CODE BEGIN SysTick_IRQn 1 */
 117:Src/stm32f0xx_it.c **** 
 118:Src/stm32f0xx_it.c ****   /* USER CODE END SysTick_IRQn 1 */
 119:Src/stm32f0xx_it.c **** }
 129              		.loc 1 119 1 is_stmt 0 view .LVU13
 130              		@ sp needed
 131 000a 10BD     		pop	{r4, pc}
 132              		.cfi_endproc
 133              	.LFE41:
 135              		.section	.text.USB_IRQHandler,"ax",%progbits
 136              		.align	1
 137              		.global	USB_IRQHandler
 138              		.syntax unified
 139              		.code	16
 140              		.thumb_func
 141              		.fpu softvfp
 143              	USB_IRQHandler:
 144              	.LFB42:
 120:Src/stm32f0xx_it.c **** 
 121:Src/stm32f0xx_it.c **** /******************************************************************************/
 122:Src/stm32f0xx_it.c **** /* STM32F0xx Peripheral Interrupt Handlers                                    */
 123:Src/stm32f0xx_it.c **** /* Add here the Interrupt Handlers for the used peripherals.                  */
 124:Src/stm32f0xx_it.c **** /* For the available peripheral interrupt handler names,                      */
 125:Src/stm32f0xx_it.c **** /* please refer to the startup file (startup_stm32f0xx.s).                    */
 126:Src/stm32f0xx_it.c **** /******************************************************************************/
 127:Src/stm32f0xx_it.c **** 
 128:Src/stm32f0xx_it.c **** /**
 129:Src/stm32f0xx_it.c **** * @brief This function handles USB global interrupt / USB wake-up interrupt through EXTI line 18.
 130:Src/stm32f0xx_it.c **** */
 131:Src/stm32f0xx_it.c **** void USB_IRQHandler(void)
 132:Src/stm32f0xx_it.c **** {
 145              		.loc 1 132 1 is_stmt 1 view -0
 146              		.cfi_startproc
 147              		@ args = 0, pretend = 0, frame = 0
 148              		@ frame_needed = 0, uses_anonymous_args = 0
 149 0000 10B5     		push	{r4, lr}
 150              	.LCFI1:
 151              		.cfi_def_cfa_offset 8
 152              		.cfi_offset 4, -8
 153              		.cfi_offset 14, -4
 133:Src/stm32f0xx_it.c ****   /* USER CODE BEGIN USB_IRQn 0 */
 134:Src/stm32f0xx_it.c **** 
 135:Src/stm32f0xx_it.c ****   /* USER CODE END USB_IRQn 0 */
 136:Src/stm32f0xx_it.c ****   HAL_PCD_IRQHandler(&hpcd_USB_FS);
 154              		.loc 1 136 3 view .LVU15
 155 0002 0248     		ldr	r0, .L8
 156 0004 FFF7FEFF 		bl	HAL_PCD_IRQHandler
 157              	.LVL2:
 137:Src/stm32f0xx_it.c ****   /* USER CODE BEGIN USB_IRQn 1 */
 138:Src/stm32f0xx_it.c **** 
ARM GAS  /var/folders/rf/wfq6hz5s56g3yh4wqgd7820c0000gn/T//ccyaXbk6.s 			page 6


 139:Src/stm32f0xx_it.c ****   /* USER CODE END USB_IRQn 1 */
 140:Src/stm32f0xx_it.c **** }
 158              		.loc 1 140 1 is_stmt 0 view .LVU16
 159              		@ sp needed
 160 0008 10BD     		pop	{r4, pc}
 161              	.L9:
 162 000a C046     		.align	2
 163              	.L8:
 164 000c 00000000 		.word	hpcd_USB_FS
 165              		.cfi_endproc
 166              	.LFE42:
 168              		.text
 169              	.Letext0:
 170              		.file 2 "/usr/local/Cellar/arm-gcc-bin/9-2019-q4-major/arm-none-eabi/include/machine/_default_type
 171              		.file 3 "/usr/local/Cellar/arm-gcc-bin/9-2019-q4-major/arm-none-eabi/include/sys/_stdint.h"
 172              		.file 4 "Drivers/CMSIS/Device/ST/STM32F0xx/Include/system_stm32f0xx.h"
 173              		.file 5 "Drivers/CMSIS/Device/ST/STM32F0xx/Include/stm32f072xb.h"
 174              		.file 6 "/usr/local/Cellar/arm-gcc-bin/9-2019-q4-major/arm-none-eabi/include/sys/lock.h"
 175              		.file 7 "/usr/local/Cellar/arm-gcc-bin/9-2019-q4-major/arm-none-eabi/include/sys/_types.h"
 176              		.file 8 "/usr/local/Cellar/arm-gcc-bin/9-2019-q4-major/lib/gcc/arm-none-eabi/9.2.1/include/stddef.
 177              		.file 9 "/usr/local/Cellar/arm-gcc-bin/9-2019-q4-major/arm-none-eabi/include/sys/reent.h"
 178              		.file 10 "Drivers/STM32F0xx_HAL_Driver/Inc/stm32f0xx_hal_def.h"
 179              		.file 11 "Drivers/STM32F0xx_HAL_Driver/Inc/stm32f0xx_hal_pcd.h"
 180              		.file 12 "Drivers/STM32F0xx_HAL_Driver/Inc/stm32f0xx_hal.h"
 181              		.file 13 "Drivers/STM32F0xx_HAL_Driver/Inc/stm32f0xx_hal_cortex.h"
ARM GAS  /var/folders/rf/wfq6hz5s56g3yh4wqgd7820c0000gn/T//ccyaXbk6.s 			page 7


DEFINED SYMBOLS
                            *ABS*:0000000000000000 stm32f0xx_it.c
/var/folders/rf/wfq6hz5s56g3yh4wqgd7820c0000gn/T//ccyaXbk6.s:16     .text.NMI_Handler:0000000000000000 $t
/var/folders/rf/wfq6hz5s56g3yh4wqgd7820c0000gn/T//ccyaXbk6.s:24     .text.NMI_Handler:0000000000000000 NMI_Handler
/var/folders/rf/wfq6hz5s56g3yh4wqgd7820c0000gn/T//ccyaXbk6.s:39     .text.HardFault_Handler:0000000000000000 $t
/var/folders/rf/wfq6hz5s56g3yh4wqgd7820c0000gn/T//ccyaXbk6.s:46     .text.HardFault_Handler:0000000000000000 HardFault_Handler
/var/folders/rf/wfq6hz5s56g3yh4wqgd7820c0000gn/T//ccyaXbk6.s:63     .text.SVC_Handler:0000000000000000 $t
/var/folders/rf/wfq6hz5s56g3yh4wqgd7820c0000gn/T//ccyaXbk6.s:70     .text.SVC_Handler:0000000000000000 SVC_Handler
/var/folders/rf/wfq6hz5s56g3yh4wqgd7820c0000gn/T//ccyaXbk6.s:84     .text.PendSV_Handler:0000000000000000 $t
/var/folders/rf/wfq6hz5s56g3yh4wqgd7820c0000gn/T//ccyaXbk6.s:91     .text.PendSV_Handler:0000000000000000 PendSV_Handler
/var/folders/rf/wfq6hz5s56g3yh4wqgd7820c0000gn/T//ccyaXbk6.s:105    .text.SysTick_Handler:0000000000000000 $t
/var/folders/rf/wfq6hz5s56g3yh4wqgd7820c0000gn/T//ccyaXbk6.s:112    .text.SysTick_Handler:0000000000000000 SysTick_Handler
/var/folders/rf/wfq6hz5s56g3yh4wqgd7820c0000gn/T//ccyaXbk6.s:136    .text.USB_IRQHandler:0000000000000000 $t
/var/folders/rf/wfq6hz5s56g3yh4wqgd7820c0000gn/T//ccyaXbk6.s:143    .text.USB_IRQHandler:0000000000000000 USB_IRQHandler
/var/folders/rf/wfq6hz5s56g3yh4wqgd7820c0000gn/T//ccyaXbk6.s:164    .text.USB_IRQHandler:000000000000000c $d

UNDEFINED SYMBOLS
HAL_IncTick
HAL_SYSTICK_IRQHandler
HAL_PCD_IRQHandler
hpcd_USB_FS
