ARM GAS  /var/folders/rf/wfq6hz5s56g3yh4wqgd7820c0000gn/T//ccP9NVM0.s 			page 1


   1              		.cpu cortex-m0
   2              		.eabi_attribute 20, 1
   3              		.eabi_attribute 21, 1
   4              		.eabi_attribute 23, 3
   5              		.eabi_attribute 24, 1
   6              		.eabi_attribute 25, 1
   7              		.eabi_attribute 26, 1
   8              		.eabi_attribute 30, 1
   9              		.eabi_attribute 34, 0
  10              		.eabi_attribute 18, 4
  11              		.file	"stm32f0xx_hal_spi_ex.c"
  12              		.text
  13              	.Ltext0:
  14              		.cfi_sections	.debug_frame
  15              		.section	.text.HAL_SPIEx_FlushRxFifo,"ax",%progbits
  16              		.align	1
  17              		.global	HAL_SPIEx_FlushRxFifo
  18              		.arch armv6s-m
  19              		.syntax unified
  20              		.code	16
  21              		.thumb_func
  22              		.fpu softvfp
  24              	HAL_SPIEx_FlushRxFifo:
  25              	.LVL0:
  26              	.LFB37:
  27              		.file 1 "Drivers/STM32F0xx_HAL_Driver/Src/stm32f0xx_hal_spi_ex.c"
   1:Drivers/STM32F0xx_HAL_Driver/Src/stm32f0xx_hal_spi_ex.c **** /**
   2:Drivers/STM32F0xx_HAL_Driver/Src/stm32f0xx_hal_spi_ex.c ****   ******************************************************************************
   3:Drivers/STM32F0xx_HAL_Driver/Src/stm32f0xx_hal_spi_ex.c ****   * @file    stm32f0xx_hal_spi_ex.c
   4:Drivers/STM32F0xx_HAL_Driver/Src/stm32f0xx_hal_spi_ex.c ****   * @author  MCD Application Team
   5:Drivers/STM32F0xx_HAL_Driver/Src/stm32f0xx_hal_spi_ex.c ****   * @brief   Extended SPI HAL module driver.
   6:Drivers/STM32F0xx_HAL_Driver/Src/stm32f0xx_hal_spi_ex.c ****   *          This file provides firmware functions to manage the following
   7:Drivers/STM32F0xx_HAL_Driver/Src/stm32f0xx_hal_spi_ex.c ****   *          SPI peripheral extended functionalities :
   8:Drivers/STM32F0xx_HAL_Driver/Src/stm32f0xx_hal_spi_ex.c ****   *           + IO operation functions
   9:Drivers/STM32F0xx_HAL_Driver/Src/stm32f0xx_hal_spi_ex.c ****   *
  10:Drivers/STM32F0xx_HAL_Driver/Src/stm32f0xx_hal_spi_ex.c ****   ******************************************************************************
  11:Drivers/STM32F0xx_HAL_Driver/Src/stm32f0xx_hal_spi_ex.c ****   * @attention
  12:Drivers/STM32F0xx_HAL_Driver/Src/stm32f0xx_hal_spi_ex.c ****   *
  13:Drivers/STM32F0xx_HAL_Driver/Src/stm32f0xx_hal_spi_ex.c ****   * <h2><center>&copy; COPYRIGHT(c) 2016 STMicroelectronics</center></h2>
  14:Drivers/STM32F0xx_HAL_Driver/Src/stm32f0xx_hal_spi_ex.c ****   *
  15:Drivers/STM32F0xx_HAL_Driver/Src/stm32f0xx_hal_spi_ex.c ****   * Redistribution and use in source and binary forms, with or without modification,
  16:Drivers/STM32F0xx_HAL_Driver/Src/stm32f0xx_hal_spi_ex.c ****   * are permitted provided that the following conditions are met:
  17:Drivers/STM32F0xx_HAL_Driver/Src/stm32f0xx_hal_spi_ex.c ****   *   1. Redistributions of source code must retain the above copyright notice,
  18:Drivers/STM32F0xx_HAL_Driver/Src/stm32f0xx_hal_spi_ex.c ****   *      this list of conditions and the following disclaimer.
  19:Drivers/STM32F0xx_HAL_Driver/Src/stm32f0xx_hal_spi_ex.c ****   *   2. Redistributions in binary form must reproduce the above copyright notice,
  20:Drivers/STM32F0xx_HAL_Driver/Src/stm32f0xx_hal_spi_ex.c ****   *      this list of conditions and the following disclaimer in the documentation
  21:Drivers/STM32F0xx_HAL_Driver/Src/stm32f0xx_hal_spi_ex.c ****   *      and/or other materials provided with the distribution.
  22:Drivers/STM32F0xx_HAL_Driver/Src/stm32f0xx_hal_spi_ex.c ****   *   3. Neither the name of STMicroelectronics nor the names of its contributors
  23:Drivers/STM32F0xx_HAL_Driver/Src/stm32f0xx_hal_spi_ex.c ****   *      may be used to endorse or promote products derived from this software
  24:Drivers/STM32F0xx_HAL_Driver/Src/stm32f0xx_hal_spi_ex.c ****   *      without specific prior written permission.
  25:Drivers/STM32F0xx_HAL_Driver/Src/stm32f0xx_hal_spi_ex.c ****   *
  26:Drivers/STM32F0xx_HAL_Driver/Src/stm32f0xx_hal_spi_ex.c ****   * THIS SOFTWARE IS PROVIDED BY THE COPYRIGHT HOLDERS AND CONTRIBUTORS "AS IS"
  27:Drivers/STM32F0xx_HAL_Driver/Src/stm32f0xx_hal_spi_ex.c ****   * AND ANY EXPRESS OR IMPLIED WARRANTIES, INCLUDING, BUT NOT LIMITED TO, THE
  28:Drivers/STM32F0xx_HAL_Driver/Src/stm32f0xx_hal_spi_ex.c ****   * IMPLIED WARRANTIES OF MERCHANTABILITY AND FITNESS FOR A PARTICULAR PURPOSE ARE
  29:Drivers/STM32F0xx_HAL_Driver/Src/stm32f0xx_hal_spi_ex.c ****   * DISCLAIMED. IN NO EVENT SHALL THE COPYRIGHT HOLDER OR CONTRIBUTORS BE LIABLE
  30:Drivers/STM32F0xx_HAL_Driver/Src/stm32f0xx_hal_spi_ex.c ****   * FOR ANY DIRECT, INDIRECT, INCIDENTAL, SPECIAL, EXEMPLARY, OR CONSEQUENTIAL
  31:Drivers/STM32F0xx_HAL_Driver/Src/stm32f0xx_hal_spi_ex.c ****   * DAMAGES (INCLUDING, BUT NOT LIMITED TO, PROCUREMENT OF SUBSTITUTE GOODS OR
ARM GAS  /var/folders/rf/wfq6hz5s56g3yh4wqgd7820c0000gn/T//ccP9NVM0.s 			page 2


  32:Drivers/STM32F0xx_HAL_Driver/Src/stm32f0xx_hal_spi_ex.c ****   * SERVICES; LOSS OF USE, DATA, OR PROFITS; OR BUSINESS INTERRUPTION) HOWEVER
  33:Drivers/STM32F0xx_HAL_Driver/Src/stm32f0xx_hal_spi_ex.c ****   * CAUSED AND ON ANY THEORY OF LIABILITY, WHETHER IN CONTRACT, STRICT LIABILITY,
  34:Drivers/STM32F0xx_HAL_Driver/Src/stm32f0xx_hal_spi_ex.c ****   * OR TORT (INCLUDING NEGLIGENCE OR OTHERWISE) ARISING IN ANY WAY OUT OF THE USE
  35:Drivers/STM32F0xx_HAL_Driver/Src/stm32f0xx_hal_spi_ex.c ****   * OF THIS SOFTWARE, EVEN IF ADVISED OF THE POSSIBILITY OF SUCH DAMAGE.
  36:Drivers/STM32F0xx_HAL_Driver/Src/stm32f0xx_hal_spi_ex.c ****   *
  37:Drivers/STM32F0xx_HAL_Driver/Src/stm32f0xx_hal_spi_ex.c ****   ******************************************************************************
  38:Drivers/STM32F0xx_HAL_Driver/Src/stm32f0xx_hal_spi_ex.c ****   */
  39:Drivers/STM32F0xx_HAL_Driver/Src/stm32f0xx_hal_spi_ex.c **** 
  40:Drivers/STM32F0xx_HAL_Driver/Src/stm32f0xx_hal_spi_ex.c **** /* Includes ------------------------------------------------------------------*/
  41:Drivers/STM32F0xx_HAL_Driver/Src/stm32f0xx_hal_spi_ex.c **** #include "stm32f0xx_hal.h"
  42:Drivers/STM32F0xx_HAL_Driver/Src/stm32f0xx_hal_spi_ex.c **** 
  43:Drivers/STM32F0xx_HAL_Driver/Src/stm32f0xx_hal_spi_ex.c **** /** @addtogroup STM32F0xx_HAL_Driver
  44:Drivers/STM32F0xx_HAL_Driver/Src/stm32f0xx_hal_spi_ex.c ****   * @{
  45:Drivers/STM32F0xx_HAL_Driver/Src/stm32f0xx_hal_spi_ex.c ****   */
  46:Drivers/STM32F0xx_HAL_Driver/Src/stm32f0xx_hal_spi_ex.c **** 
  47:Drivers/STM32F0xx_HAL_Driver/Src/stm32f0xx_hal_spi_ex.c **** /** @defgroup SPIEx SPIEx
  48:Drivers/STM32F0xx_HAL_Driver/Src/stm32f0xx_hal_spi_ex.c ****   * @brief SPI Extended HAL module driver
  49:Drivers/STM32F0xx_HAL_Driver/Src/stm32f0xx_hal_spi_ex.c ****   * @{
  50:Drivers/STM32F0xx_HAL_Driver/Src/stm32f0xx_hal_spi_ex.c ****   */
  51:Drivers/STM32F0xx_HAL_Driver/Src/stm32f0xx_hal_spi_ex.c **** #ifdef HAL_SPI_MODULE_ENABLED
  52:Drivers/STM32F0xx_HAL_Driver/Src/stm32f0xx_hal_spi_ex.c **** 
  53:Drivers/STM32F0xx_HAL_Driver/Src/stm32f0xx_hal_spi_ex.c **** /* Private typedef -----------------------------------------------------------*/
  54:Drivers/STM32F0xx_HAL_Driver/Src/stm32f0xx_hal_spi_ex.c **** /* Private defines -----------------------------------------------------------*/
  55:Drivers/STM32F0xx_HAL_Driver/Src/stm32f0xx_hal_spi_ex.c **** /** @defgroup SPIEx_Private_Constants SPIEx Private Constants
  56:Drivers/STM32F0xx_HAL_Driver/Src/stm32f0xx_hal_spi_ex.c ****   * @{
  57:Drivers/STM32F0xx_HAL_Driver/Src/stm32f0xx_hal_spi_ex.c ****   */
  58:Drivers/STM32F0xx_HAL_Driver/Src/stm32f0xx_hal_spi_ex.c **** #define SPI_FIFO_SIZE       4
  59:Drivers/STM32F0xx_HAL_Driver/Src/stm32f0xx_hal_spi_ex.c **** /**
  60:Drivers/STM32F0xx_HAL_Driver/Src/stm32f0xx_hal_spi_ex.c ****   * @}
  61:Drivers/STM32F0xx_HAL_Driver/Src/stm32f0xx_hal_spi_ex.c ****   */
  62:Drivers/STM32F0xx_HAL_Driver/Src/stm32f0xx_hal_spi_ex.c **** 
  63:Drivers/STM32F0xx_HAL_Driver/Src/stm32f0xx_hal_spi_ex.c **** /* Private macros ------------------------------------------------------------*/
  64:Drivers/STM32F0xx_HAL_Driver/Src/stm32f0xx_hal_spi_ex.c **** /* Private variables ---------------------------------------------------------*/
  65:Drivers/STM32F0xx_HAL_Driver/Src/stm32f0xx_hal_spi_ex.c **** /* Private function prototypes -----------------------------------------------*/
  66:Drivers/STM32F0xx_HAL_Driver/Src/stm32f0xx_hal_spi_ex.c **** /* Exported functions ---------------------------------------------------------*/
  67:Drivers/STM32F0xx_HAL_Driver/Src/stm32f0xx_hal_spi_ex.c **** 
  68:Drivers/STM32F0xx_HAL_Driver/Src/stm32f0xx_hal_spi_ex.c **** /** @defgroup SPIEx_Exported_Functions SPIEx Exported Functions
  69:Drivers/STM32F0xx_HAL_Driver/Src/stm32f0xx_hal_spi_ex.c ****   * @{
  70:Drivers/STM32F0xx_HAL_Driver/Src/stm32f0xx_hal_spi_ex.c ****   */
  71:Drivers/STM32F0xx_HAL_Driver/Src/stm32f0xx_hal_spi_ex.c **** 
  72:Drivers/STM32F0xx_HAL_Driver/Src/stm32f0xx_hal_spi_ex.c **** /** @defgroup SPIEx_Exported_Functions_Group1 IO operation functions
  73:Drivers/STM32F0xx_HAL_Driver/Src/stm32f0xx_hal_spi_ex.c ****   *  @brief   Data transfers functions
  74:Drivers/STM32F0xx_HAL_Driver/Src/stm32f0xx_hal_spi_ex.c ****   *
  75:Drivers/STM32F0xx_HAL_Driver/Src/stm32f0xx_hal_spi_ex.c **** @verbatim
  76:Drivers/STM32F0xx_HAL_Driver/Src/stm32f0xx_hal_spi_ex.c ****   ==============================================================================
  77:Drivers/STM32F0xx_HAL_Driver/Src/stm32f0xx_hal_spi_ex.c ****                       ##### IO operation functions #####
  78:Drivers/STM32F0xx_HAL_Driver/Src/stm32f0xx_hal_spi_ex.c ****  ===============================================================================
  79:Drivers/STM32F0xx_HAL_Driver/Src/stm32f0xx_hal_spi_ex.c ****  [..]
  80:Drivers/STM32F0xx_HAL_Driver/Src/stm32f0xx_hal_spi_ex.c ****     This subsection provides a set of extended functions to manage the SPI
  81:Drivers/STM32F0xx_HAL_Driver/Src/stm32f0xx_hal_spi_ex.c ****     data transfers.
  82:Drivers/STM32F0xx_HAL_Driver/Src/stm32f0xx_hal_spi_ex.c **** 
  83:Drivers/STM32F0xx_HAL_Driver/Src/stm32f0xx_hal_spi_ex.c ****     (#) Rx data flush function:
  84:Drivers/STM32F0xx_HAL_Driver/Src/stm32f0xx_hal_spi_ex.c ****         (++) HAL_SPIEx_FlushRxFifo()
  85:Drivers/STM32F0xx_HAL_Driver/Src/stm32f0xx_hal_spi_ex.c **** 
  86:Drivers/STM32F0xx_HAL_Driver/Src/stm32f0xx_hal_spi_ex.c **** @endverbatim
  87:Drivers/STM32F0xx_HAL_Driver/Src/stm32f0xx_hal_spi_ex.c ****   * @{
  88:Drivers/STM32F0xx_HAL_Driver/Src/stm32f0xx_hal_spi_ex.c ****   */
ARM GAS  /var/folders/rf/wfq6hz5s56g3yh4wqgd7820c0000gn/T//ccP9NVM0.s 			page 3


  89:Drivers/STM32F0xx_HAL_Driver/Src/stm32f0xx_hal_spi_ex.c **** 
  90:Drivers/STM32F0xx_HAL_Driver/Src/stm32f0xx_hal_spi_ex.c **** /**
  91:Drivers/STM32F0xx_HAL_Driver/Src/stm32f0xx_hal_spi_ex.c ****   * @brief Flush the RX fifo.
  92:Drivers/STM32F0xx_HAL_Driver/Src/stm32f0xx_hal_spi_ex.c ****   * @param  hspi pointer to a SPI_HandleTypeDef structure that contains
  93:Drivers/STM32F0xx_HAL_Driver/Src/stm32f0xx_hal_spi_ex.c ****   *               the configuration information for the specified SPI module.
  94:Drivers/STM32F0xx_HAL_Driver/Src/stm32f0xx_hal_spi_ex.c ****   * @retval HAL status
  95:Drivers/STM32F0xx_HAL_Driver/Src/stm32f0xx_hal_spi_ex.c ****   */
  96:Drivers/STM32F0xx_HAL_Driver/Src/stm32f0xx_hal_spi_ex.c **** HAL_StatusTypeDef HAL_SPIEx_FlushRxFifo(SPI_HandleTypeDef *hspi)
  97:Drivers/STM32F0xx_HAL_Driver/Src/stm32f0xx_hal_spi_ex.c **** {
  28              		.loc 1 97 1 view -0
  29              		.cfi_startproc
  30              		@ args = 0, pretend = 0, frame = 8
  31              		@ frame_needed = 0, uses_anonymous_args = 0
  32              		.loc 1 97 1 is_stmt 0 view .LVU1
  33 0000 10B5     		push	{r4, lr}
  34              	.LCFI0:
  35              		.cfi_def_cfa_offset 8
  36              		.cfi_offset 4, -8
  37              		.cfi_offset 14, -4
  38 0002 82B0     		sub	sp, sp, #8
  39              	.LCFI1:
  40              		.cfi_def_cfa_offset 16
  98:Drivers/STM32F0xx_HAL_Driver/Src/stm32f0xx_hal_spi_ex.c ****   __IO uint32_t tmpreg;
  41              		.loc 1 98 3 is_stmt 1 view .LVU2
  99:Drivers/STM32F0xx_HAL_Driver/Src/stm32f0xx_hal_spi_ex.c ****   uint8_t  count = 0U;
  42              		.loc 1 99 3 view .LVU3
  43              	.LVL1:
 100:Drivers/STM32F0xx_HAL_Driver/Src/stm32f0xx_hal_spi_ex.c ****   while ((hspi->Instance->SR & SPI_FLAG_FRLVL) !=  SPI_FRLVL_EMPTY)
  44              		.loc 1 100 3 view .LVU4
  99:Drivers/STM32F0xx_HAL_Driver/Src/stm32f0xx_hal_spi_ex.c ****   uint8_t  count = 0U;
  45              		.loc 1 99 12 is_stmt 0 view .LVU5
  46 0004 0023     		movs	r3, #0
  47              	.LVL2:
  48              	.L2:
  49              		.loc 1 100 9 is_stmt 1 view .LVU6
  50              		.loc 1 100 15 is_stmt 0 view .LVU7
  51 0006 0268     		ldr	r2, [r0]
  52              		.loc 1 100 25 view .LVU8
  53 0008 9468     		ldr	r4, [r2, #8]
  54              		.loc 1 100 30 view .LVU9
  55 000a C021     		movs	r1, #192
  56 000c C900     		lsls	r1, r1, #3
  57              		.loc 1 100 9 view .LVU10
  58 000e 0C42     		tst	r4, r1
  59 0010 09D0     		beq	.L6
 101:Drivers/STM32F0xx_HAL_Driver/Src/stm32f0xx_hal_spi_ex.c ****   {
 102:Drivers/STM32F0xx_HAL_Driver/Src/stm32f0xx_hal_spi_ex.c ****     count++;
  60              		.loc 1 102 5 is_stmt 1 view .LVU11
  61              		.loc 1 102 10 is_stmt 0 view .LVU12
  62 0012 0133     		adds	r3, r3, #1
  63              	.LVL3:
  64              		.loc 1 102 10 view .LVU13
  65 0014 DBB2     		uxtb	r3, r3
  66              	.LVL4:
 103:Drivers/STM32F0xx_HAL_Driver/Src/stm32f0xx_hal_spi_ex.c ****     tmpreg = hspi->Instance->DR;
  67              		.loc 1 103 5 is_stmt 1 view .LVU14
  68              		.loc 1 103 28 is_stmt 0 view .LVU15
ARM GAS  /var/folders/rf/wfq6hz5s56g3yh4wqgd7820c0000gn/T//ccP9NVM0.s 			page 4


  69 0016 D268     		ldr	r2, [r2, #12]
  70              		.loc 1 103 12 view .LVU16
  71 0018 0192     		str	r2, [sp, #4]
 104:Drivers/STM32F0xx_HAL_Driver/Src/stm32f0xx_hal_spi_ex.c ****     UNUSED(tmpreg); /* To avoid GCC warning */
  72              		.loc 1 104 5 is_stmt 1 view .LVU17
  73 001a 019A     		ldr	r2, [sp, #4]
 105:Drivers/STM32F0xx_HAL_Driver/Src/stm32f0xx_hal_spi_ex.c ****     if (count == SPI_FIFO_SIZE)
  74              		.loc 1 105 5 view .LVU18
  75              		.loc 1 105 8 is_stmt 0 view .LVU19
  76 001c 042B     		cmp	r3, #4
  77 001e F2D1     		bne	.L2
 106:Drivers/STM32F0xx_HAL_Driver/Src/stm32f0xx_hal_spi_ex.c ****     {
 107:Drivers/STM32F0xx_HAL_Driver/Src/stm32f0xx_hal_spi_ex.c ****       return HAL_TIMEOUT;
  78              		.loc 1 107 14 view .LVU20
  79 0020 0320     		movs	r0, #3
  80              	.LVL5:
  81              	.L3:
 108:Drivers/STM32F0xx_HAL_Driver/Src/stm32f0xx_hal_spi_ex.c ****     }
 109:Drivers/STM32F0xx_HAL_Driver/Src/stm32f0xx_hal_spi_ex.c ****   }
 110:Drivers/STM32F0xx_HAL_Driver/Src/stm32f0xx_hal_spi_ex.c ****   return HAL_OK;
 111:Drivers/STM32F0xx_HAL_Driver/Src/stm32f0xx_hal_spi_ex.c **** }
  82              		.loc 1 111 1 view .LVU21
  83 0022 02B0     		add	sp, sp, #8
  84              		@ sp needed
  85 0024 10BD     		pop	{r4, pc}
  86              	.LVL6:
  87              	.L6:
 110:Drivers/STM32F0xx_HAL_Driver/Src/stm32f0xx_hal_spi_ex.c **** }
  88              		.loc 1 110 10 view .LVU22
  89 0026 0020     		movs	r0, #0
  90              	.LVL7:
 110:Drivers/STM32F0xx_HAL_Driver/Src/stm32f0xx_hal_spi_ex.c **** }
  91              		.loc 1 110 10 view .LVU23
  92 0028 FBE7     		b	.L3
  93              		.cfi_endproc
  94              	.LFE37:
  96              		.text
  97              	.Letext0:
  98              		.file 2 "/usr/local/Cellar/arm-gcc-bin/9-2019-q4-major/arm-none-eabi/include/machine/_default_type
  99              		.file 3 "/usr/local/Cellar/arm-gcc-bin/9-2019-q4-major/arm-none-eabi/include/sys/_stdint.h"
 100              		.file 4 "Drivers/CMSIS/Device/ST/STM32F0xx/Include/system_stm32f0xx.h"
 101              		.file 5 "Drivers/CMSIS/Device/ST/STM32F0xx/Include/stm32f072xb.h"
 102              		.file 6 "/usr/local/Cellar/arm-gcc-bin/9-2019-q4-major/arm-none-eabi/include/sys/lock.h"
 103              		.file 7 "/usr/local/Cellar/arm-gcc-bin/9-2019-q4-major/arm-none-eabi/include/sys/_types.h"
 104              		.file 8 "/usr/local/Cellar/arm-gcc-bin/9-2019-q4-major/lib/gcc/arm-none-eabi/9.2.1/include/stddef.
 105              		.file 9 "/usr/local/Cellar/arm-gcc-bin/9-2019-q4-major/arm-none-eabi/include/sys/reent.h"
 106              		.file 10 "Drivers/STM32F0xx_HAL_Driver/Inc/stm32f0xx_hal_def.h"
 107              		.file 11 "Drivers/STM32F0xx_HAL_Driver/Inc/stm32f0xx_hal_dma.h"
 108              		.file 12 "Drivers/STM32F0xx_HAL_Driver/Inc/stm32f0xx_hal_spi.h"
ARM GAS  /var/folders/rf/wfq6hz5s56g3yh4wqgd7820c0000gn/T//ccP9NVM0.s 			page 5


DEFINED SYMBOLS
                            *ABS*:0000000000000000 stm32f0xx_hal_spi_ex.c
/var/folders/rf/wfq6hz5s56g3yh4wqgd7820c0000gn/T//ccP9NVM0.s:16     .text.HAL_SPIEx_FlushRxFifo:0000000000000000 $t
/var/folders/rf/wfq6hz5s56g3yh4wqgd7820c0000gn/T//ccP9NVM0.s:24     .text.HAL_SPIEx_FlushRxFifo:0000000000000000 HAL_SPIEx_FlushRxFifo

NO UNDEFINED SYMBOLS
