ARM GAS  /var/folders/rf/wfq6hz5s56g3yh4wqgd7820c0000gn/T//ccU3Ivxa.s 			page 1


   1              		.cpu cortex-m3
   2              		.eabi_attribute 20, 1
   3              		.eabi_attribute 21, 1
   4              		.eabi_attribute 23, 3
   5              		.eabi_attribute 24, 1
   6              		.eabi_attribute 25, 1
   7              		.eabi_attribute 26, 1
   8              		.eabi_attribute 30, 1
   9              		.eabi_attribute 34, 1
  10              		.eabi_attribute 18, 4
  11              		.file	"usb_device.c"
  12              		.text
  13              	.Ltext0:
  14              		.cfi_sections	.debug_frame
  15              		.section	.text.MX_USB_DEVICE_Init,"ax",%progbits
  16              		.align	1
  17              		.global	MX_USB_DEVICE_Init
  18              		.arch armv7-m
  19              		.syntax unified
  20              		.thumb
  21              		.thumb_func
  22              		.fpu softvfp
  24              	MX_USB_DEVICE_Init:
  25              	.LFB66:
  26              		.file 1 "Src/usb_device.c"
   1:Src/usb_device.c **** /**
   2:Src/usb_device.c ****   ******************************************************************************
   3:Src/usb_device.c ****   * @file           : usb_device.c
   4:Src/usb_device.c ****   * @version        : v2.0_Cube
   5:Src/usb_device.c ****   * @brief          : This file implements the USB Device
   6:Src/usb_device.c ****   ******************************************************************************
   7:Src/usb_device.c ****   * This notice applies to any and all portions of this file
   8:Src/usb_device.c ****   * that are not between comment pairs USER CODE BEGIN and
   9:Src/usb_device.c ****   * USER CODE END. Other portions of this file, whether 
  10:Src/usb_device.c ****   * inserted by the user or by software development tools
  11:Src/usb_device.c ****   * are owned by their respective copyright owners.
  12:Src/usb_device.c ****   *
  13:Src/usb_device.c ****   * Copyright (c) 2020 STMicroelectronics International N.V. 
  14:Src/usb_device.c ****   * All rights reserved.
  15:Src/usb_device.c ****   *
  16:Src/usb_device.c ****   * Redistribution and use in source and binary forms, with or without 
  17:Src/usb_device.c ****   * modification, are permitted, provided that the following conditions are met:
  18:Src/usb_device.c ****   *
  19:Src/usb_device.c ****   * 1. Redistribution of source code must retain the above copyright notice, 
  20:Src/usb_device.c ****   *    this list of conditions and the following disclaimer.
  21:Src/usb_device.c ****   * 2. Redistributions in binary form must reproduce the above copyright notice,
  22:Src/usb_device.c ****   *    this list of conditions and the following disclaimer in the documentation
  23:Src/usb_device.c ****   *    and/or other materials provided with the distribution.
  24:Src/usb_device.c ****   * 3. Neither the name of STMicroelectronics nor the names of other 
  25:Src/usb_device.c ****   *    contributors to this software may be used to endorse or promote products 
  26:Src/usb_device.c ****   *    derived from this software without specific written permission.
  27:Src/usb_device.c ****   * 4. This software, including modifications and/or derivative works of this 
  28:Src/usb_device.c ****   *    software, must execute solely and exclusively on microcontroller or
  29:Src/usb_device.c ****   *    microprocessor devices manufactured by or for STMicroelectronics.
  30:Src/usb_device.c ****   * 5. Redistribution and use of this software other than as permitted under 
  31:Src/usb_device.c ****   *    this license is void and will automatically terminate your rights under 
  32:Src/usb_device.c ****   *    this license. 
ARM GAS  /var/folders/rf/wfq6hz5s56g3yh4wqgd7820c0000gn/T//ccU3Ivxa.s 			page 2


  33:Src/usb_device.c ****   *
  34:Src/usb_device.c ****   * THIS SOFTWARE IS PROVIDED BY STMICROELECTRONICS AND CONTRIBUTORS "AS IS" 
  35:Src/usb_device.c ****   * AND ANY EXPRESS, IMPLIED OR STATUTORY WARRANTIES, INCLUDING, BUT NOT 
  36:Src/usb_device.c ****   * LIMITED TO, THE IMPLIED WARRANTIES OF MERCHANTABILITY, FITNESS FOR A 
  37:Src/usb_device.c ****   * PARTICULAR PURPOSE AND NON-INFRINGEMENT OF THIRD PARTY INTELLECTUAL PROPERTY
  38:Src/usb_device.c ****   * RIGHTS ARE DISCLAIMED TO THE FULLEST EXTENT PERMITTED BY LAW. IN NO EVENT 
  39:Src/usb_device.c ****   * SHALL STMICROELECTRONICS OR CONTRIBUTORS BE LIABLE FOR ANY DIRECT, INDIRECT,
  40:Src/usb_device.c ****   * INCIDENTAL, SPECIAL, EXEMPLARY, OR CONSEQUENTIAL DAMAGES (INCLUDING, BUT NOT
  41:Src/usb_device.c ****   * LIMITED TO, PROCUREMENT OF SUBSTITUTE GOODS OR SERVICES; LOSS OF USE, DATA, 
  42:Src/usb_device.c ****   * OR PROFITS; OR BUSINESS INTERRUPTION) HOWEVER CAUSED AND ON ANY THEORY OF 
  43:Src/usb_device.c ****   * LIABILITY, WHETHER IN CONTRACT, STRICT LIABILITY, OR TORT (INCLUDING 
  44:Src/usb_device.c ****   * NEGLIGENCE OR OTHERWISE) ARISING IN ANY WAY OUT OF THE USE OF THIS SOFTWARE,
  45:Src/usb_device.c ****   * EVEN IF ADVISED OF THE POSSIBILITY OF SUCH DAMAGE.
  46:Src/usb_device.c ****   *
  47:Src/usb_device.c ****   ******************************************************************************
  48:Src/usb_device.c ****   */
  49:Src/usb_device.c **** 
  50:Src/usb_device.c **** /* Includes ------------------------------------------------------------------*/
  51:Src/usb_device.c **** 
  52:Src/usb_device.c **** #include "usb_device.h"
  53:Src/usb_device.c **** #include "usbd_core.h"
  54:Src/usb_device.c **** #include "usbd_desc.h"
  55:Src/usb_device.c **** #include "usbd_cdc.h"
  56:Src/usb_device.c **** #include "usbd_cdc_if.h"
  57:Src/usb_device.c **** 
  58:Src/usb_device.c **** /* USER CODE BEGIN Includes */
  59:Src/usb_device.c **** 
  60:Src/usb_device.c **** /* USER CODE END Includes */
  61:Src/usb_device.c **** 
  62:Src/usb_device.c **** /* USER CODE BEGIN PV */
  63:Src/usb_device.c **** /* Private variables ---------------------------------------------------------*/
  64:Src/usb_device.c **** 
  65:Src/usb_device.c **** /* USER CODE END PV */
  66:Src/usb_device.c **** 
  67:Src/usb_device.c **** /* USER CODE BEGIN PFP */
  68:Src/usb_device.c **** /* Private function prototypes -----------------------------------------------*/
  69:Src/usb_device.c **** 
  70:Src/usb_device.c **** /* USER CODE END PFP */
  71:Src/usb_device.c **** 
  72:Src/usb_device.c **** /* USB Device Core handle declaration. */
  73:Src/usb_device.c **** USBD_HandleTypeDef hUsbDeviceFS;
  74:Src/usb_device.c **** 
  75:Src/usb_device.c **** /*
  76:Src/usb_device.c ****  * -- Insert your variables declaration here --
  77:Src/usb_device.c ****  */
  78:Src/usb_device.c **** /* USER CODE BEGIN 0 */
  79:Src/usb_device.c **** 
  80:Src/usb_device.c **** /* USER CODE END 0 */
  81:Src/usb_device.c **** 
  82:Src/usb_device.c **** /*
  83:Src/usb_device.c ****  * -- Insert your external function declaration here --
  84:Src/usb_device.c ****  */
  85:Src/usb_device.c **** /* USER CODE BEGIN 1 */
  86:Src/usb_device.c **** 
  87:Src/usb_device.c **** /* USER CODE END 1 */
  88:Src/usb_device.c **** 
  89:Src/usb_device.c **** /**
ARM GAS  /var/folders/rf/wfq6hz5s56g3yh4wqgd7820c0000gn/T//ccU3Ivxa.s 			page 3


  90:Src/usb_device.c ****   * Init USB device Library, add supported class and start the library
  91:Src/usb_device.c ****   * @retval None
  92:Src/usb_device.c ****   */
  93:Src/usb_device.c **** void MX_USB_DEVICE_Init(void)
  94:Src/usb_device.c **** {
  27              		.loc 1 94 1 view -0
  28              		.cfi_startproc
  29              		@ args = 0, pretend = 0, frame = 0
  30              		@ frame_needed = 0, uses_anonymous_args = 0
  31 0000 10B5     		push	{r4, lr}
  32              	.LCFI0:
  33              		.cfi_def_cfa_offset 8
  34              		.cfi_offset 4, -8
  35              		.cfi_offset 14, -4
  95:Src/usb_device.c ****   /* USER CODE BEGIN USB_DEVICE_Init_PreTreatment */
  96:Src/usb_device.c ****   
  97:Src/usb_device.c ****   /* USER CODE END USB_DEVICE_Init_PreTreatment */
  98:Src/usb_device.c ****   
  99:Src/usb_device.c ****   /* Init Device Library, add supported class and start the library. */
 100:Src/usb_device.c ****   USBD_Init(&hUsbDeviceFS, &FS_Desc, DEVICE_FS);
  36              		.loc 1 100 3 view .LVU1
  37 0002 094C     		ldr	r4, .L3
  38 0004 0022     		movs	r2, #0
  39 0006 0949     		ldr	r1, .L3+4
  40 0008 2046     		mov	r0, r4
  41 000a FFF7FEFF 		bl	USBD_Init
  42              	.LVL0:
 101:Src/usb_device.c **** 
 102:Src/usb_device.c ****   USBD_RegisterClass(&hUsbDeviceFS, &USBD_CDC);
  43              		.loc 1 102 3 view .LVU2
  44 000e 0849     		ldr	r1, .L3+8
  45 0010 2046     		mov	r0, r4
  46 0012 FFF7FEFF 		bl	USBD_RegisterClass
  47              	.LVL1:
 103:Src/usb_device.c **** 
 104:Src/usb_device.c ****   USBD_CDC_RegisterInterface(&hUsbDeviceFS, &USBD_Interface_fops_FS);
  48              		.loc 1 104 3 view .LVU3
  49 0016 0749     		ldr	r1, .L3+12
  50 0018 2046     		mov	r0, r4
  51 001a FFF7FEFF 		bl	USBD_CDC_RegisterInterface
  52              	.LVL2:
 105:Src/usb_device.c **** 
 106:Src/usb_device.c ****   USBD_Start(&hUsbDeviceFS);
  53              		.loc 1 106 3 view .LVU4
  54 001e 2046     		mov	r0, r4
  55 0020 FFF7FEFF 		bl	USBD_Start
  56              	.LVL3:
 107:Src/usb_device.c **** 
 108:Src/usb_device.c ****   /* USER CODE BEGIN USB_DEVICE_Init_PostTreatment */
 109:Src/usb_device.c ****   
 110:Src/usb_device.c ****   /* USER CODE END USB_DEVICE_Init_PostTreatment */
 111:Src/usb_device.c **** }
  57              		.loc 1 111 1 is_stmt 0 view .LVU5
  58 0024 10BD     		pop	{r4, pc}
  59              	.L4:
  60 0026 00BF     		.align	2
  61              	.L3:
ARM GAS  /var/folders/rf/wfq6hz5s56g3yh4wqgd7820c0000gn/T//ccU3Ivxa.s 			page 4


  62 0028 00000000 		.word	hUsbDeviceFS
  63 002c 00000000 		.word	FS_Desc
  64 0030 00000000 		.word	USBD_CDC
  65 0034 00000000 		.word	USBD_Interface_fops_FS
  66              		.cfi_endproc
  67              	.LFE66:
  69              		.comm	hUsbDeviceFS,548,4
  70              		.text
  71              	.Letext0:
  72              		.file 2 "/usr/local/Cellar/arm-gcc-bin/9-2019-q4-major/arm-none-eabi/include/machine/_default_type
  73              		.file 3 "/usr/local/Cellar/arm-gcc-bin/9-2019-q4-major/arm-none-eabi/include/sys/_stdint.h"
  74              		.file 4 "Drivers/CMSIS/Include/core_cm3.h"
  75              		.file 5 "Drivers/CMSIS/Device/ST/STM32F1xx/Include/system_stm32f1xx.h"
  76              		.file 6 "/usr/local/Cellar/arm-gcc-bin/9-2019-q4-major/arm-none-eabi/include/sys/lock.h"
  77              		.file 7 "/usr/local/Cellar/arm-gcc-bin/9-2019-q4-major/arm-none-eabi/include/sys/_types.h"
  78              		.file 8 "/usr/local/Cellar/arm-gcc-bin/9-2019-q4-major/lib/gcc/arm-none-eabi/9.2.1/include/stddef.
  79              		.file 9 "/usr/local/Cellar/arm-gcc-bin/9-2019-q4-major/arm-none-eabi/include/sys/reent.h"
  80              		.file 10 "/usr/local/Cellar/arm-gcc-bin/9-2019-q4-major/arm-none-eabi/include/stdlib.h"
  81              		.file 11 "Middlewares/ST/STM32_USB_Device_Library/Core/Inc/usbd_def.h"
  82              		.file 12 "Inc/usb_device.h"
  83              		.file 13 "Inc/usbd_desc.h"
  84              		.file 14 "Middlewares/ST/STM32_USB_Device_Library/Class/CDC/Inc/usbd_cdc.h"
  85              		.file 15 "Inc/usbd_cdc_if.h"
  86              		.file 16 "Middlewares/ST/STM32_USB_Device_Library/Core/Inc/usbd_core.h"
ARM GAS  /var/folders/rf/wfq6hz5s56g3yh4wqgd7820c0000gn/T//ccU3Ivxa.s 			page 5


DEFINED SYMBOLS
                            *ABS*:0000000000000000 usb_device.c
/var/folders/rf/wfq6hz5s56g3yh4wqgd7820c0000gn/T//ccU3Ivxa.s:16     .text.MX_USB_DEVICE_Init:0000000000000000 $t
/var/folders/rf/wfq6hz5s56g3yh4wqgd7820c0000gn/T//ccU3Ivxa.s:24     .text.MX_USB_DEVICE_Init:0000000000000000 MX_USB_DEVICE_Init
/var/folders/rf/wfq6hz5s56g3yh4wqgd7820c0000gn/T//ccU3Ivxa.s:62     .text.MX_USB_DEVICE_Init:0000000000000028 $d
                            *COM*:0000000000000224 hUsbDeviceFS

UNDEFINED SYMBOLS
USBD_Init
USBD_RegisterClass
USBD_CDC_RegisterInterface
USBD_Start
FS_Desc
USBD_CDC
USBD_Interface_fops_FS
